<?xml version="1.0" encoding="UTF-8"?>
<!-- Generated by org.testng.reporters.JUnitReportReporter -->
<testsuite hostname="LAPTOP-ISKHN4MM" name="StepDef_Creator.StepDef_Generator" tests="1" failures="0" timestamp="29 Apr 2021 18:22:17 GMT" time="0.309" errors="0">
  <testcase name="Generate" time="0.309" classname="StepDef_Creator.StepDef_Generator"/>
</testsuite> <!-- StepDef_Creator.StepDef_Generator -->
