<?xml version="1.0" encoding="UTF-8"?>
<!-- Generated by org.testng.reporters.JUnitReportReporter -->
<testsuite hostname="LAPTOP-ISKHN4MM" name="StepDefinations.StepDef_Generator" tests="1" failures="0" timestamp="31 Mar 2020 20:17:55 GMT" time="0.346" errors="0">
  <testcase name="Generate" time="0.346" classname="StepDefinations.StepDef_Generator"/>
</testsuite> <!-- StepDefinations.StepDef_Generator -->
