<?xml version="1.0" encoding="UTF-8"?>
<!-- Generated by org.testng.reporters.JUnitReportReporter -->
<testsuite skipped="0" hostname="MDLT016" name="Test_Functions.Test2" tests="2" failures="0" timestamp="15 Feb 2020 21:33:04 GMT" time="49.826" errors="0">
  <testcase name="AGoogle" time="26.844" classname="Test_Functions.Test2"/>
  <testcase name="AGoogle" time="22.982" classname="Test_Functions.Test2"/>
</testsuite> <!-- Test_Functions.Test2 -->
