<?xml version="1.0" encoding="UTF-8"?>
<!-- Generated by org.testng.reporters.JUnitReportReporter -->
<testsuite hostname="LAPTOP-ISKHN4MM" name="managers.AppiumManager" tests="2" failures="0" timestamp="7 May 2020 22:00:30 GMT" time="109.058" errors="0">
  <testcase name="stopAppiumServer" time="107.232" classname="managers.AppiumManager"/>
  <testcase name="startAppiumServer" time="1.826" classname="managers.AppiumManager"/>
</testsuite> <!-- managers.AppiumManager -->
