<?xml version="1.0" encoding="UTF-8"?>
<!-- Generated by org.testng.reporters.JUnitReportReporter -->
<testsuite hostname="LAPTOP-ISKHN4MM" name="Test_Functions.Test1" tests="1" failures="0" timestamp="24 Dec 2020 17:25:56 GMT" time="0.004" errors="0">
  <testcase name="abc" time="0.004" classname="Test_Functions.Test1"/>
</testsuite> <!-- Test_Functions.Test1 -->
