<?xml version="1.0" encoding="UTF-8"?>
<!-- Generated by org.testng.reporters.JUnitReportReporter -->
<testsuite hostname="Purnac-PC" name="Runner.BDD_TestNG_Runner" tests="2" failures="0" timestamp="9 Mar 2020 14:16:26 GMT" time="74.187" errors="0">
  <testcase name="runner_SetUp" time="24.741" classname="Runner.BDD_TestNG_Runner"/>
  <testcase name="runner_SetUp" time="49.446" classname="Runner.BDD_TestNG_Runner"/>
</testsuite> <!-- Runner.BDD_TestNG_Runner -->
