<?xml version="1.0" encoding="UTF-8"?>
<!-- Generated by org.testng.reporters.JUnitReportReporter -->
<testsuite hostname="LAPTOP-ISKHN4MM" name="Run_Time_xml_Generator.BDD_TestNG_Runner" tests="1" failures="0" timestamp="29 Apr 2021 19:21:21 GMT" time="9.019" errors="0">
  <testcase name="runner_SetUp" time="9.019" classname="Run_Time_xml_Generator.BDD_TestNG_Runner"/>
</testsuite> <!-- Run_Time_xml_Generator.BDD_TestNG_Runner -->
