<?xml version="1.0" encoding="UTF-8"?>
<!-- Generated by org.testng.reporters.JUnitReportReporter -->
<testsuite hostname="LAPTOP-ISKHN4MM" name="Runner.Executor" tests="1" failures="0" timestamp="29 Apr 2021 19:16:14 GMT" time="12.107" errors="0">
  <testcase name="A" time="12.107" classname="Runner.Executor"/>
</testsuite> <!-- Runner.Executor -->
