<?xml version="1.0" encoding="UTF-8"?>
<!-- Generated by org.testng.reporters.JUnitReportReporter -->
<testsuite skipped="0" hostname="MDLT016" name="managers.JsonFileBuilder" tests="1" failures="0" timestamp="16 Feb 2020 09:43:41 GMT" time="3.849" errors="0">
  <testcase name="Json_Builder" time="3.849" classname="managers.JsonFileBuilder"/>
</testsuite> <!-- managers.JsonFileBuilder -->
